<?xml version="1.0" encoding="UTF-8"?><testsuite failures="0" name="cucumber.runtime.formatter.JUnitFormatter" skipped="0" tests="3" time="75.238961">
<testcase classname="Reporting API Vs Proteus web" name="01 ReportingAPI figures match Proteus Web" time="26.788985">
<system-out><![CDATA[Given I am a Proteus User...................................................passed
And I have the role: Pro Web Campaigns......................................passed
And I go to the Proteus Home URL in my browser..............................passed
When Login as "ADMINISTRATOR"...............................................passed
Then The main homepage loads successfully...................................passed
When I click on "Campaigns" from home page..................................passed
Then All Flights loads which I have access to...............................passed
When I search/filter for a flight "4573"....................................passed
And Click on Apply button...................................................passed
And I get numbers from reporting API for flight "4573"......................passed
Then Numbers displayed match the reporting API for flight "4573"............passed
]]></system-out>
</testcase>
<testcase classname="Reporting API Vs Proteus web" name="01 ReportingAPI figures match Proteus Web 3" time="24.574506">
<system-out><![CDATA[Given I am a Proteus User...................................................passed
And I have the role: Pro Web Campaigns......................................passed
And I go to the Proteus Home URL in my browser..............................passed
When Login as "ADMINISTRATOR"...............................................passed
Then The main homepage loads successfully...................................passed
When I click on "Campaigns" from home page..................................passed
Then All Flights loads which I have access to...............................passed
When I search/filter for a flight "454".....................................passed
And Click on Apply button...................................................passed
And I get numbers from reporting API for flight "454".......................passed
Then Numbers displayed match the reporting API for flight "454".............passed
]]></system-out>
</testcase>
<testcase classname="Reporting API Vs Proteus web" name="01 ReportingAPI figures match Proteus Web 5" time="23.87547">
<system-out><![CDATA[Given I am a Proteus User...................................................passed
And I have the role: Pro Web Campaigns......................................passed
And I go to the Proteus Home URL in my browser..............................passed
When Login as "ADMINISTRATOR"...............................................passed
Then The main homepage loads successfully...................................passed
When I click on "Campaigns" from home page..................................passed
Then All Flights loads which I have access to...............................passed
When I search/filter for a flight "808".....................................passed
And Click on Apply button...................................................passed
And I get numbers from reporting API for flight "808".......................passed
Then Numbers displayed match the reporting API for flight "808".............passed
]]></system-out>
</testcase>
</testsuite>
