<?xml version="1.0" encoding="UTF-8"?><testsuite failures="0" name="cucumber.runtime.formatter.JUnitFormatter" skipped="0" tests="12" time="248.92511">
<testcase classname="Ability to search for Flights" name="01 View Flights - initial load" time="17.199953">
<system-out><![CDATA[Given I am a Proteus User...................................................passed
And I have the role: Pro Web Campaigns......................................passed
And I go to the Proteus Home URL in my browser..............................passed
When Login as "ADMINISTRATOR"...............................................passed
Then The main homepage loads successfully...................................passed
When I click on "Campaigns" from home page..................................passed
Then The Campaigns page loads successfully..................................passed
And All Flights loads which I have access to................................passed
And There is a section called 'Flights'.....................................passed
And LogOut ProteusWeb from Campaigns page...................................passed
]]></system-out>
</testcase>
<testcase classname="Ability to search for Flights" name="02 Ability to Search fights by Flight Name or Booking Code" time="18.856288">
<system-out><![CDATA[Given I am a Proteus User...................................................passed
And I have the role: Pro Web Campaigns......................................passed
And I go to the Proteus Home URL in my browser..............................passed
When Login as "ADMINISTRATOR"...............................................passed
Then The main homepage loads successfully...................................passed
When I click on "Campaigns" from home page..................................passed
Then All Flights loads which I have access to...............................passed
And I can search by Flight Name or Booking Code.............................passed
And LogOut ProteusWeb from Campaigns page...................................passed
]]></system-out>
</testcase>
<testcase classname="Ability to search for Flights" name="03 Ability to Filter fights by Advertiser or Agency" time="16.940123">
<system-out><![CDATA[Given I am a Proteus User...................................................passed
And I have the role: Pro Web Campaigns......................................passed
And I go to the Proteus Home URL in my browser..............................passed
When Login as "ADMINISTRATOR"...............................................passed
Then The main homepage loads successfully...................................passed
When I click on "Campaigns" from home page..................................passed
Then All Flights loads which I have access to...............................passed
And Filter dropdown fields exist............................................passed
And LogOut ProteusWeb from Campaigns page...................................passed
]]></system-out>
</testcase>
<testcase classname="Ability to search for Flights" name="04 Ability to use search and filter combinations" time="17.141925">
<system-out><![CDATA[Given I am a Proteus User...................................................passed
And I have the role: Pro Web Campaigns......................................passed
And I go to the Proteus Home URL in my browser..............................passed
When Login as "ADMINISTRATOR"...............................................passed
Then The main homepage loads successfully...................................passed
When I click on "Campaigns" from home page..................................passed
Then All Flights loads which I have access to...............................passed
And LogOut ProteusWeb from Campaigns page...................................passed
]]></system-out>
</testcase>
<testcase classname="Ability to search for Flights" name="05 Apply button is enabled after entering/selecting search and filters" time="19.964048">
<system-out><![CDATA[Given I am a Proteus User...................................................passed
And I have the role: Pro Web Campaigns......................................passed
And I go to the Proteus Home URL in my browser..............................passed
When Login as "ADMINISTRATOR"...............................................passed
Then The main homepage loads successfully...................................passed
When I click on "Campaigns" from home page..................................passed
Then All Flights loads which I have access to...............................passed
When I search/filter for a particular result................................passed
Then Apply button is enabled................................................passed
And LogOut ProteusWeb from Campaigns page...................................passed
]]></system-out>
</testcase>
<testcase classname="Ability to search for Flights" name="06 Clear Filters button is enabled after entering/selecting search and filters" time="19.779677">
<system-out><![CDATA[Given I am a Proteus User...................................................passed
And I have the role: Pro Web Campaigns......................................passed
And I go to the Proteus Home URL in my browser..............................passed
When Login as "ADMINISTRATOR"...............................................passed
Then The main homepage loads successfully...................................passed
When I click on "Campaigns" from home page..................................passed
Then All Flights loads which I have access to...............................passed
When I search/filter for a particular result................................passed
Then Clear Filters button is enabled........................................passed
And LogOut ProteusWeb from Campaigns page...................................passed
]]></system-out>
</testcase>
<testcase classname="Ability to search for Flights" name="07 Flights matching Search/Filter Combination loaded as results" time="23.399688">
<system-out><![CDATA[Given I am a Proteus User...................................................passed
And I have the role: Pro Web Campaigns......................................passed
And I go to the Proteus Home URL in my browser..............................passed
When Login as "ADMINISTRATOR"...............................................passed
Then The main homepage loads successfully...................................passed
When I click on "Campaigns" from home page..................................passed
Then All Flights loads which I have access to...............................passed
When I search/filter for a particular result................................passed
And Click on Apply button...................................................passed
Then All Flights matching search/filter combination load as results.........passed
And There is a section called 'Flights'.....................................passed
And Each flight title includes Advertiser, Agency, Flight Names and External Booking Reference.passed
Then LogOut ProteusWeb from Campaigns page..................................passed
]]></system-out>
</testcase>
<testcase classname="Ability to search for Flights" name="08 Goal Type, Goal Value, Optimisation Manager, Budget, Spend information and Flight Dates" time="24.115406">
<system-out><![CDATA[Given I am a Proteus User...................................................passed
And I have the role: Pro Web Campaigns......................................passed
And I go to the Proteus Home URL in my browser..............................passed
When Login as "ADMINISTRATOR"...............................................passed
Then The main homepage loads successfully...................................passed
When I click on "Campaigns" from home page..................................passed
Then All Flights loads which I have access to...............................passed
When I search/filter for a particular result................................passed
And Click on Apply button...................................................passed
Then All Flights matching search/filter combination load as results.........passed
And Goal Type, Goal Value, Optimisation Manager, Budget, Spend information and Flight Dates.passed
Then LogOut ProteusWeb from Campaigns page..................................passed
]]></system-out>
</testcase>
<testcase classname="Ability to search for Flights" name="09 Goal Type, Goal Value, Optimisation Manager are editable" time="22.652909">
<system-out><![CDATA[Given I am a Proteus User...................................................passed
And I have the role: Pro Web Campaigns......................................passed
And I go to the Proteus Home URL in my browser..............................passed
When Login as "ADMINISTRATOR"...............................................passed
Then The main homepage loads successfully...................................passed
When I click on "Campaigns" from home page..................................passed
Then All Flights loads which I have access to...............................passed
When I search/filter for a particular result................................passed
And Click on Apply button...................................................passed
Then All Flights matching search/filter combination load as results.........passed
And Goal Type, Goal Value, Optimisation Manager are editable................passed
Then LogOut ProteusWeb from Campaigns page..................................passed
]]></system-out>
</testcase>
<testcase classname="Ability to search for Flights" name="10 Pagination shown when more than 20 flights displayed" time="22.673912">
<system-out><![CDATA[Given I am a Proteus User...................................................passed
And I have the role: Pro Web Campaigns......................................passed
And I go to the Proteus Home URL in my browser..............................passed
When Login as "ADMINISTRATOR"...............................................passed
Then The main homepage loads successfully...................................passed
When I click on "Campaigns" from home page..................................passed
Then All Flights loads which I have access to...............................passed
When I search/filter for a particular result................................passed
And Click on Apply button...................................................passed
Then All Flights matching search/filter combination load as results.........passed
Then LogOut ProteusWeb from Campaigns page..................................passed
]]></system-out>
</testcase>
<testcase classname="Ability to search for Flights" name="11 No flights matching your search message shown" time="22.652842">
<system-out><![CDATA[Given I am a Proteus User...................................................passed
And I have the role: Pro Web Campaigns......................................passed
And I go to the Proteus Home URL in my browser..............................passed
When Login as "ADMINISTRATOR"...............................................passed
Then The main homepage loads successfully...................................passed
When I click on "Campaigns" from home page..................................passed
Then All Flights loads which I have access to...............................passed
When I search/filter for a flightName "AAAAAAAAA"...........................passed
And Click on Apply button...................................................passed
Then No flights returned and message displayed..............................passed
Then LogOut ProteusWeb from Campaigns page..................................passed
]]></system-out>
</testcase>
<testcase classname="Ability to search for Flights" name="12 Able to search flights based on Campaign Name" time="23.548339">
<system-out><![CDATA[Given I am a Proteus User...................................................passed
And I have the role: Pro Web Campaigns......................................passed
And I go to the Proteus Home URL in my browser..............................passed
When Login as "ADMINISTRATOR"...............................................passed
Then The main homepage loads successfully...................................passed
When I click on "Campaigns" from home page..................................passed
Then All Flights loads which I have access to...............................passed
When I search/filter for a Campaign "LOCAL BRANDING - GAME/COUNTRY".........passed
And Click on Apply button...................................................passed
Then Campaign details shown for each flight row.............................passed
And All Flights matching campaign "LOCAL BRANDING - GAME/COUNTRY" are filtered.passed
And LogOut ProteusWeb from Campaigns page...................................passed
]]></system-out>
</testcase>
</testsuite>
