# JRE version: Java(TM) SE Runtime Environment (9.0+11) (build 9.0.4+11)
# Java VM: Java HotSpot(TM) 64-Bit Server VM (9.0.4+11, mixed mode, tiered, compressed oops, g1 gc, windows-amd64)
Heap:
 garbage-first heap   total 131072K, used 75585K [0x0000000081200000, 0x0000000081300400, 0x0000000100000000)
  region size 1024K, 60 young (61440K), 7 survivors (7168K)
 Metaspace       used 32415K, capacity 33854K, committed 34048K, reserved 1079296K
  class space    used 4008K, capacity 4495K, committed 4608K, reserved 1048576K
GC Heap History (10 events):
Event: 1.338 GC heap before
{Heap before GC invocations=1 (full 0):
 garbage-first heap   total 131072K, used 15920K [0x0000000081200000, 0x0000000081300400, 0x0000000100000000)
  region size 1024K, 11 young (11264K), 2 survivors (2048K)
 Metaspace       used 8378K, capacity 8488K, committed 8704K, reserved 1056768K
  class space    used 856K, capacity 906K, committed 1024K, reserved 1048576K
}
Event: 1.343 GC heap after
{Heap after GC invocations=2 (full 0):
 garbage-first heap   total 131072K, used 8206K [0x0000000081200000, 0x0000000081300400, 0x0000000100000000)
  region size 1024K, 2 young (2048K), 2 survivors (2048K)
 Metaspace       used 8378K, capacity 8488K, committed 8704K, reserved 1056768K
  class space    used 856K, capacity 906K, committed 1024K, reserved 1048576K
}
Event: 3.603 GC heap before
{Heap before GC invocations=2 (full 0):
 garbage-first heap   total 131072K, used 32782K [0x0000000081200000, 0x0000000081300400, 0x0000000100000000)
  region size 1024K, 26 young (26624K), 2 survivors (2048K)
 Metaspace       used 14216K, capacity 14654K, committed 14848K, reserved 1062912K
  class space    used 1622K, capacity 1725K, committed 1792K, reserved 1048576K
}
Event: 3.611 GC heap after
{Heap after GC invocations=3 (full 0):
 garbage-first heap   total 131072K, used 11207K [0x0000000081200000, 0x0000000081300400, 0x0000000100000000)
  region size 1024K, 4 young (4096K), 4 survivors (4096K)
 Metaspace       used 14216K, capacity 14654K, committed 14848K, reserved 1062912K
  class space    used 1622K, capacity 1725K, committed 1792K, reserved 1048576K
}
Event: 5.317 GC heap before
{Heap before GC invocations=3 (full 0):
 garbage-first heap   total 131072K, used 44999K [0x0000000081200000, 0x0000000081300400, 0x0000000100000000)
  region size 1024K, 38 young (38912K), 4 survivors (4096K)
 Metaspace       used 20519K, capacity 21184K, committed 21296K, reserved 1069056K
  class space    used 2452K, capacity 2638K, committed 2688K, reserved 1048576K
}
Event: 5.329 GC heap after
{Heap after GC invocations=4 (full 0):
 garbage-first heap   total 131072K, used 14752K [0x0000000081200000, 0x0000000081300400, 0x0000000100000000)
  region size 1024K, 8 young (8192K), 8 survivors (8192K)
 Metaspace       used 20519K, capacity 21184K, committed 21296K, reserved 1069056K
  class space    used 2452K, capacity 2638K, committed 2688K, reserved 1048576K
}
Event: 73.042 GC heap before
{Heap before GC invocations=5 (full 0):
 garbage-first heap   total 131072K, used 89504K [0x0000000081200000, 0x0000000081300400, 0x0000000100000000)
  region size 1024K, 76 young (77824K), 8 survivors (8192K)
 Metaspace       used 27037K, capacity 27968K, committed 28288K, reserved 1075200K
  class space    used 3176K, capacity 3366K, committed 3456K, reserved 1048576K
}
Event: 73.063 GC heap after
{Heap after GC invocations=6 (full 0):
 garbage-first heap   total 131072K, used 19004K [0x0000000081200000, 0x0000000081300400, 0x0000000100000000)
  region size 1024K, 10 young (10240K), 10 survivors (10240K)
 Metaspace       used 27037K, capacity 27968K, committed 28288K, reserved 1075200K
  class space    used 3176K, capacity 3366K, committed 3456K, reserved 1048576K
}
Event: 81.293 GC heap before
{Heap before GC invocations=6 (full 0):
 garbage-first heap   total 131072K, used 83516K [0x0000000081200000, 0x0000000081300400, 0x0000000100000000)
  region size 1024K, 73 young (74752K), 10 survivors (10240K)
 Metaspace       used 28868K, capacity 30266K, committed 30464K, reserved 1075200K
  class space    used 3564K, capacity 4007K, committed 4096K, reserved 1048576K
}
Event: 81.312 GC heap after
{Heap after GC invocations=7 (full 0):
 garbage-first heap   total 131072K, used 22337K [0x0000000081200000, 0x0000000081300400, 0x0000000100000000)
  region size 1024K, 7 young (7168K), 7 survivors (7168K)
 Metaspace       used 28868K, capacity 30266K, committed 30464K, reserved 1075200K
  class space    used 3564K, capacity 4007K, committed 4096K, reserved 1048576K
}

