<?xml version="1.0" encoding="UTF-8"?><testsuite failures="0" name="cucumber.runtime.formatter.JUnitFormatter" skipped="0" tests="5" time="85.104494">
<testcase classname="Ability to log into Pro Web" name="01 Entering Pro Web" time="18.515518">
<system-out><![CDATA[Given I am a Proteus User...................................................passed
And I have the role: Pro Web Campaigns......................................passed
And I go to the Proteus Home URL in my browser..............................passed
When Login as "ADMINISTRATOR"...............................................passed
Then The main homepage loads successfully...................................passed
And There is a box called "Campaigns".......................................passed
And Log Out button exist....................................................passed
And LogOut ProteusWeb from Home Page........................................passed
]]></system-out>
</testcase>
<testcase classname="Ability to log into Pro Web" name="02 Entering Pro Web with incorrect details" time="12.994025">
<system-out><![CDATA[Given I am a Proteus User...................................................passed
And I have the role: Pro Web Campaigns......................................passed
And I go to the Proteus Home URL in my browser..............................passed
When Login as "INVALID".....................................................passed
Then An error message displayed advising to try again.......................passed
]]></system-out>
</testcase>
<testcase classname="Ability to log into Pro Web" name="03 Campaigns page loaded" time="17.777116">
<system-out><![CDATA[Given I am a Proteus User...................................................passed
And I have the role: Pro Web Campaigns......................................passed
And I go to the Proteus Home URL in my browser..............................passed
When Login as "ADMINISTRATOR"...............................................passed
Then The main homepage loads successfully...................................passed
When I click on "Campaigns" from home page..................................passed
Then The Campaigns page loads successfully..................................passed
And LogOut ProteusWeb from Home Page........................................passed
]]></system-out>
</testcase>
<testcase classname="Ability to log into Pro Web" name="04 Campaigns page loaded with different options" time="19.36576">
<system-out><![CDATA[Given I am a Proteus User...................................................passed
And I have the role: Pro Web Campaigns......................................passed
And I go to the Proteus Home URL in my browser..............................passed
When Login as "ADMINISTRATOR"...............................................passed
Then The main homepage loads successfully...................................passed
When I click on "Campaigns" from home page..................................passed
Then Log out, Back to Home, Flights icon shown on Campaign page.............passed
And Creatives option shown on the Campaigns tab.............................passed
And Pixels option shown on the Campaigns tab................................passed
And LogOut ProteusWeb from Home Page........................................passed
]]></system-out>
</testcase>
<testcase classname="Ability to log into Pro Web" name="05 Navigated to Campaigns when logged in with only Campaign Web role" time="16.452075">
<system-out><![CDATA[Given I am a Proteus User...................................................passed
And I have the role: Pro Web Campaigns......................................passed
And I go to the Proteus Home URL in my browser..............................passed
When Login as "CAMPAIGN MANAGEMENT WEB".....................................passed
Then Log out, Back to Home, Flights icon shown on Campaign page.............passed
And Creatives option not shown on the Campaigns tab.........................passed
And Pixels option not shown on the Campaigns tab............................passed
And LogOut ProteusWeb from Home Page........................................passed
]]></system-out>
</testcase>
</testsuite>
