<?xml version="1.0" encoding="UTF-8"?><testsuite failures="0" name="cucumber.runtime.formatter.JUnitFormatter" skipped="0" tests="2" time="103.140613">
<testcase classname="Display Platform for each Flight" name="01 Display Platform for each Flight" time="21.570828">
<system-out><![CDATA[Given I am a Proteus User...................................................passed
And I have the role: Pro Web Campaigns......................................passed
And I go to the Proteus Home URL in my browser..............................passed
When Login as "ADMINISTRATOR"...............................................passed
Then The main homepage loads successfully...................................passed
When I click on "Campaigns" from home page..................................passed
Then All Flights loads which I have access to...............................passed
When I search/filter for a particular result................................passed
And Click on Apply button...................................................passed
Then All Flights matching search/filter combination load as results.........passed
And There icons for platforms are displayed.................................passed
And Tooltips shown on mouseover on each platform icon.......................passed
]]></system-out>
</testcase>
<testcase classname="Display Platform for each Flight" name="02 Platforms tab opened for the Advertiser in the Platform" time="81.569785">
<system-out><![CDATA[Given I am a Proteus User...................................................passed
And I have the role: Pro Web Campaigns......................................passed
And I go to the Proteus Home URL in my browser..............................passed
When Login as "ADMINISTRATOR"...............................................passed
Then The main homepage loads successfully...................................passed
When I click on "Campaigns" from home page..................................passed
Then All Flights loads which I have access to...............................passed
When I search/filter for a particular result................................passed
And Click on Apply button...................................................passed
Then All Flights matching search/filter combination load as results.........passed
And Platforms tab opened for the Advertiser in the Platform on click........passed
]]></system-out>
</testcase>
</testsuite>
