<?xml version="1.0" encoding="UTF-8"?><testsuite failures="2" name="cucumber.runtime.formatter.JUnitFormatter" skipped="0" tests="13" time="169.817045">
<testcase classname="Ability to log into Pro Web" name="01 Entering Pro Web" time="11.603568">
<system-out><![CDATA[Given I am a Proteus User...................................................passed
And I have the role: Pro Web Campaigns......................................passed
And I go to the Proteus Home URL in my browser..............................passed
When Login with the correct details username and password...................passed
Then The main homepage loads successfully...................................passed
And There is a box called Campaigns.........................................passed
And Log Out button exist....................................................passed
And LogOut ProteusWeb from Home Page........................................passed
]]></system-out>
</testcase>
<testcase classname="Ability to log into Pro Web" name="02 Entering Pro Web with incorrect details" time="10.005346">
<system-out><![CDATA[Given I am a Proteus User...................................................passed
And I have the role: Pro Web Campaigns......................................passed
And I go to the Proteus Home URL in my browser..............................passed
When Login with the incorrect details username and password.................passed
Then An error message displayed advising to try again.......................passed
]]></system-out>
</testcase>
<testcase classname="Ability to log into Pro Web" name="03 Campaigns page loaded" time="12.998775">
<system-out><![CDATA[Given I am a Proteus User...................................................passed
And I have the role: Pro Web Campaigns......................................passed
And I go to the Proteus Home URL in my browser..............................passed
When Login with the correct details username and password...................passed
Then The main homepage loads successfully...................................passed
When I click on Campaigns from home page....................................passed
Then The Campaigns page loads successfully..................................passed
And LogOut ProteusWeb from Home Page........................................passed
]]></system-out>
</testcase>
<testcase classname="Ability to log into Pro Web" name="04 Campaigns page loaded with different options" time="11.378169">
<failure message="junit.framework.AssertionFailedError: Back to Home not shown on Campaign page&#13;&#10;&#9;at junit.framework.Assert.fail(Assert.java:57)&#13;&#10;&#9;at junit.framework.Assert.assertTrue(Assert.java:22)&#13;&#10;&#9;at StepDefination.ProteusWebSteps.ThenLogOutBackToHomeFlightsIconShownOnCampaignPage(ProteusWebSteps.java:123)&#13;&#10;&#9;at ✽.Then Log out, Back to Home, Flights icon shown on Campaign page(AbilityLogInProWeb.feature:36)&#13;&#10;"><![CDATA[Given I am a Proteus User...................................................passed
And I have the role: Pro Web Campaigns......................................passed
And I go to the Proteus Home URL in my browser..............................passed
When Login with the correct details username and password...................passed
Then The main homepage loads successfully...................................passed
When I click on Campaigns from home page....................................passed
Then Log out, Back to Home, Flights icon shown on Campaign page.............failed
And LogOut ProteusWeb from Home Page........................................skipped

StackTrace:
junit.framework.AssertionFailedError: Back to Home not shown on Campaign page
	at junit.framework.Assert.fail(Assert.java:57)
	at junit.framework.Assert.assertTrue(Assert.java:22)
	at StepDefination.ProteusWebSteps.ThenLogOutBackToHomeFlightsIconShownOnCampaignPage(ProteusWebSteps.java:123)
	at ✽.Then Log out, Back to Home, Flights icon shown on Campaign page(AbilityLogInProWeb.feature:36)
]]></failure>
</testcase>
<testcase classname="Ability to log into Pro Web" name="04 Campaigns page loaded with different options" time="11.002847">
<failure message="junit.framework.AssertionFailedError: Back to Home not shown on Campaign page&#13;&#10;&#9;at junit.framework.Assert.fail(Assert.java:57)&#13;&#10;&#9;at junit.framework.Assert.assertTrue(Assert.java:22)&#13;&#10;&#9;at StepDefination.ProteusWebSteps.ThenLogOutBackToHomeFlightsIconShownOnCampaignPage(ProteusWebSteps.java:123)&#13;&#10;&#9;at ✽.Then Log out, Back to Home, Flights icon shown on Campaign page(AbilityLogInProWeb.feature:36)&#13;&#10;"><![CDATA[Given I am a Proteus User...................................................passed
And I have the role: Pro Web Campaigns......................................passed
And I go to the Proteus Home URL in my browser..............................passed
When Login with the correct details username and password...................passed
Then The main homepage loads successfully...................................passed
When I click on Campaigns from home page....................................passed
Then Log out, Back to Home, Flights icon shown on Campaign page.............failed
And LogOut ProteusWeb from Home Page........................................skipped

StackTrace:
junit.framework.AssertionFailedError: Back to Home not shown on Campaign page
	at junit.framework.Assert.fail(Assert.java:57)
	at junit.framework.Assert.assertTrue(Assert.java:22)
	at StepDefination.ProteusWebSteps.ThenLogOutBackToHomeFlightsIconShownOnCampaignPage(ProteusWebSteps.java:123)
	at ✽.Then Log out, Back to Home, Flights icon shown on Campaign page(AbilityLogInProWeb.feature:36)
]]></failure>
</testcase>
<testcase classname="Ability to search for Flights" name="01 View Flights - initial load" time="11.370959">
<system-out><![CDATA[Given I am a Proteus User...................................................passed
And I have the role: Pro Web Campaigns......................................passed
And I go to the Proteus Home URL in my browser..............................passed
When Login with the correct details username and password...................passed
Then The main homepage loads successfully...................................passed
When I click on Campaigns from home page....................................passed
Then The Campaigns page loads successfully..................................passed
And All Flights loads which I have access to................................passed
And LogOut ProteusWeb from Campaigns page...................................passed
]]></system-out>
</testcase>
<testcase classname="Ability to search for Flights" name="02 Ability to Search fights by Flight Name or Booking Code" time="12.231669">
<system-out><![CDATA[Given I am a Proteus User...................................................passed
And I have the role: Pro Web Campaigns......................................passed
And I go to the Proteus Home URL in my browser..............................passed
When Login with the correct details username and password...................passed
Then The main homepage loads successfully...................................passed
When I click on Campaigns from home page....................................passed
Then All Flights loads which I have access to...............................passed
And I can search by Flight Name or Booking Code.............................passed
And LogOut ProteusWeb from Campaigns page...................................passed
]]></system-out>
</testcase>
<testcase classname="Ability to search for Flights" name="03 Ability to Filter fights by Advertiser or Agency" time="11.645663">
<system-out><![CDATA[Given I am a Proteus User...................................................passed
And I have the role: Pro Web Campaigns......................................passed
And I go to the Proteus Home URL in my browser..............................passed
When Login with the correct details username and password...................passed
Then The main homepage loads successfully...................................passed
When I click on Campaigns from home page....................................passed
Then All Flights loads which I have access to...............................passed
And Filter dropdown fields exist............................................passed
And LogOut ProteusWeb from Campaigns page...................................passed
]]></system-out>
</testcase>
<testcase classname="Ability to search for Flights" name="04 Ability to use search and filter combinations" time="11.750319">
<system-out><![CDATA[Given I am a Proteus User...................................................passed
And I have the role: Pro Web Campaigns......................................passed
And I go to the Proteus Home URL in my browser..............................passed
When Login with the correct details username and password...................passed
Then The main homepage loads successfully...................................passed
When I click on Campaigns from home page....................................passed
Then All Flights loads which I have access to...............................passed
And LogOut ProteusWeb from Campaigns page...................................passed
]]></system-out>
</testcase>
<testcase classname="Ability to search for Flights" name="05 Apply button is enabled after entering/selecting search and filters" time="14.781313">
<system-out><![CDATA[Given I am a Proteus User...................................................passed
And I have the role: Pro Web Campaigns......................................passed
And I go to the Proteus Home URL in my browser..............................passed
When Login with the correct details username and password...................passed
Then The main homepage loads successfully...................................passed
When I click on Campaigns from home page....................................passed
Then All Flights loads which I have access to...............................passed
When I search/filter for a particular result................................passed
Then Apply button is enabled................................................passed
And LogOut ProteusWeb from Campaigns page...................................passed
]]></system-out>
</testcase>
<testcase classname="Ability to search for Flights" name="06 Clear Filters button is enabled after entering/selecting search and filters" time="15.15504">
<system-out><![CDATA[Given I am a Proteus User...................................................passed
And I have the role: Pro Web Campaigns......................................passed
And I go to the Proteus Home URL in my browser..............................passed
When Login with the correct details username and password...................passed
Then The main homepage loads successfully...................................passed
When I click on Campaigns from home page....................................passed
Then All Flights loads which I have access to...............................passed
When I search/filter for a particular result................................passed
Then Clear Filters button is enabled........................................passed
And LogOut ProteusWeb from Campaigns page...................................passed
]]></system-out>
</testcase>
<testcase classname="Ability to search for Flights" name="07 Flights matching Search/Filter Combination loaded as results" time="19.380597">
<system-out><![CDATA[Given I am a Proteus User...................................................passed
And I have the role: Pro Web Campaigns......................................passed
And I go to the Proteus Home URL in my browser..............................passed
When Login with the correct details username and password...................passed
Then The main homepage loads successfully...................................passed
When I click on Campaigns from home page....................................passed
Then All Flights loads which I have access to...............................passed
When I search/filter for a particular result................................passed
And Click on Apply button...................................................passed
Then All Flights matching search/filter combination load as results.........passed
Then LogOut ProteusWeb from Campaigns page..................................passed
]]></system-out>
</testcase>
<testcase classname="Ability to search for Flights" name="08 Pagination shown when more than 20 flights displayed" time="16.51278">
<system-out><![CDATA[Given I am a Proteus User...................................................passed
And I have the role: Pro Web Campaigns......................................passed
And I go to the Proteus Home URL in my browser..............................passed
When Login with the correct details username and password...................passed
Then The main homepage loads successfully...................................passed
When I click on Campaigns from home page....................................passed
Then All Flights loads which I have access to...............................passed
When I search/filter for a particular result................................passed
And Click on Apply button...................................................passed
Then All Flights matching search/filter combination load as results.........passed
Then LogOut ProteusWeb from Campaigns page..................................passed
]]></system-out>
</testcase>
</testsuite>
